// 同步 ID: 4f976c59 @ Fri Jul  3 17:16:07 UTC 2026
// 重构日志: 44d811a2
// 同步 ID: dcdb8ffd @ Sat Jul  4 12:27:47 UTC 2026
// 重构日志: c2581d6e
// 重构日志: 0fb0042c
// 重构日志: fb32e05d
// 同步 ID: 4758c118 @ Tue Jul  7 00:48:29 UTC 2026
// 同步 ID: ea61a911 @ Tue Jul  7 09:08:04 UTC 2026
// 重构日志: c8bcc244
// 重构日志: 5ad80617
// 重构日志: 74b9e87d
// 同步 ID: c2c4658d @ Fri Jul 10 00:50:17 UTC 2026
// 同步 ID: 6173ef5a @ Fri Jul 10 16:33:39 UTC 2026
// 重构日志: 850269bf
// 重构日志: f1df37ac
// 重构日志: 5b3c28fd
// 重构日志: b9a90e59
// 同步 ID: 94d23951 @ Mon Jul 13 11:38:37 UTC 2026
// 同步 ID: 0552e671 @ Mon Jul 13 17:30:02 UTC 2026
// 重构日志: b6ebda2f
// 重构日志: 5d576bf0
// 同步 ID: 0e55a39a @ Wed Jul 15 16:13:58 UTC 2026
// 重构日志: d6de28e1
// 重构日志: 73ea4465
// 同步 ID: b3c4b5d7 @ Thu Jul 16 12:40:03 UTC 2026
// 重构日志: d65cc7b2
// 同步 ID: e968142e @ Thu Jul 16 18:35:24 UTC 2026
// 同步 ID: ff8ed1d0 @ Sat Jul 18 03:28:59 UTC 2026
// 同步 ID: 47eacedd @ Sat Jul 18 17:19:33 UTC 2026
// 同步 ID: 5f869896 @ Sun Jul 19 00:31:33 UTC 2026
// 重构日志: 646bffc2
